2026-04-01 05:37:04,170 [IMAP    ] [INFO] --- Starting IMAP Check Cycle ---
2026-04-01 05:37:08,442 [Monitor ] [DEBUG] STALE Check: [latvia_pulse] Age: 1161s
2026-04-01 05:37:08,443 [Monitor ] [DEBUG] STALE Check: [gmail_pulse] Age: 1166s
2026-04-01 05:37:53,443 [IMAP    ] [INFO] --- Starting IMAP Check Cycle ---
2026-04-01 05:37:58,367 [Monitor ] [DEBUG] STALE Check: [latvia_pulse] Age: 1211s
2026-04-01 05:37:58,367 [Monitor ] [DEBUG] STALE Check: [gmail_pulse] Age: 1216s
2026-04-01 05:38:43,368 [IMAP    ] [INFO] --- Starting IMAP Check Cycle ---
2026-04-01 05:38:47,896 [Monitor ] [DEBUG] STALE Check: [latvia_pulse] Age: 1261s
2026-04-01 05:38:47,896 [Monitor ] [DEBUG] STALE Check: [gmail_pulse] Age: 1265s
2026-04-01 05:39:32,896 [IMAP    ] [INFO] --- Starting IMAP Check Cycle ---
2026-04-01 05:39:37,432 [Monitor ] [DEBUG] STALE Check: [latvia_pulse] Age: 1310s
2026-04-01 05:39:37,432 [Monitor ] [DEBUG] STALE Check: [gmail_pulse] Age: 1315s
2026-04-01 05:40:22,432 [IMAP    ] [INFO] --- Starting IMAP Check Cycle ---
2026-04-01 05:40:26,599 [Monitor ] [DEBUG] STALE Check: [latvia_pulse] Age: 1359s
2026-04-01 05:40:26,599 [Monitor ] [DEBUG] STALE Check: [gmail_pulse] Age: 1364s
2026-04-01 05:41:11,599 [IMAP    ] [INFO] --- Starting IMAP Check Cycle ---
2026-04-01 05:41:16,815 [Monitor ] [DEBUG] STALE Check: [latvia_pulse] Age: 1410s
2026-04-01 05:41:16,815 [Monitor ] [DEBUG] STALE Check: [gmail_pulse] Age: 1414s
2026-04-01 05:42:01,815 [IMAP    ] [INFO] --- Starting IMAP Check Cycle ---
2026-04-01 05:42:05,734 [Monitor ] [DEBUG] STALE Check: [latvia_pulse] Age: 1459s
2026-04-01 05:42:05,734 [Monitor ] [DEBUG] STALE Check: [gmail_pulse] Age: 1463s
2026-04-01 05:42:50,734 [IMAP    ] [INFO] --- Starting IMAP Check Cycle ---
2026-04-01 05:42:54,866 [Monitor ] [DEBUG] STALE Check: [latvia_pulse] Age: 1508s
2026-04-01 05:42:54,866 [Monitor ] [DEBUG] STALE Check: [gmail_pulse] Age: 1512s
2026-04-01 05:43:39,866 [IMAP    ] [INFO] --- Starting IMAP Check Cycle ---
2026-04-01 05:43:43,806 [Monitor ] [DEBUG] STALE Check: [latvia_pulse] Age: 1557s
2026-04-01 05:43:43,806 [Monitor ] [DEBUG] STALE Check: [gmail_pulse] Age: 1561s
2026-04-01 05:44:28,806 [IMAP    ] [INFO] --- Starting IMAP Check Cycle ---
2026-04-01 05:44:37,344 [Monitor ] [DEBUG] STALE Check: [latvia_pulse] Age: 1610s
2026-04-01 05:44:37,344 [Monitor ] [DEBUG] STALE Check: [gmail_pulse] Age: 1615s
2026-04-01 05:45:22,344 [IMAP    ] [INFO] --- Starting IMAP Check Cycle ---
2026-04-01 05:45:26,488 [Monitor ] [DEBUG] STALE Check: [latvia_pulse] Age: 1659s
2026-04-01 05:45:26,488 [Monitor ] [DEBUG] STALE Check: [gmail_pulse] Age: 1664s
2026-04-01 05:46:11,489 [IMAP    ] [INFO] --- Starting IMAP Check Cycle ---
2026-04-01 05:46:16,081 [Monitor ] [DEBUG] STALE Check: [latvia_pulse] Age: 1709s
2026-04-01 05:46:16,081 [Monitor ] [DEBUG] STALE Check: [gmail_pulse] Age: 1714s
2026-04-01 05:47:01,082 [IMAP    ] [INFO] --- Starting IMAP Check Cycle ---
2026-04-01 05:47:05,160 [Monitor ] [DEBUG] STALE Check: [latvia_pulse] Age: 1758s
2026-04-01 05:47:05,160 [Monitor ] [DEBUG] STALE Check: [gmail_pulse] Age: 1763s
2026-04-01 05:47:50,160 [IMAP    ] [INFO] --- Starting IMAP Check Cycle ---
2026-04-01 05:47:54,232 [Monitor ] [DEBUG] STALE Check: [latvia_pulse] Age: 1807s
2026-04-01 05:47:54,233 [Monitor ] [DEBUG] STALE Check: [gmail_pulse] Age: 1812s
2026-04-01 05:48:39,233 [IMAP    ] [INFO] --- Starting IMAP Check Cycle ---
2026-04-01 05:48:43,447 [Monitor ] [DEBUG] STALE Check: [latvia_pulse] Age: 1856s
2026-04-01 05:48:43,447 [Monitor ] [DEBUG] STALE Check: [gmail_pulse] Age: 1861s
2026-04-01 05:49:28,447 [IMAP    ] [INFO] --- Starting IMAP Check Cycle ---
2026-04-01 05:49:32,507 [Monitor ] [DEBUG] STALE Check: [latvia_pulse] Age: 1905s
2026-04-01 05:49:32,507 [Monitor ] [DEBUG] STALE Check: [gmail_pulse] Age: 1910s
2026-04-01 05:50:17,507 [IMAP    ] [INFO] --- Starting IMAP Check Cycle ---
2026-04-01 05:50:22,112 [Monitor ] [DEBUG] STALE Check: [latvia_pulse] Age: 1955s
2026-04-01 05:50:22,112 [Monitor ] [DEBUG] STALE Check: [gmail_pulse] Age: 1960s
2026-04-01 05:51:07,112 [IMAP    ] [INFO] --- Starting IMAP Check Cycle ---
2026-04-01 05:51:11,007 [Monitor ] [DEBUG] STALE Check: [latvia_pulse] Age: 2004s
2026-04-01 05:51:11,007 [Monitor ] [DEBUG] STALE Check: [gmail_pulse] Age: 2009s
2026-04-01 05:51:56,007 [IMAP    ] [INFO] --- Starting IMAP Check Cycle ---
2026-04-01 05:52:00,237 [Monitor ] [DEBUG] STALE Check: [latvia_pulse] Age: 2053s
2026-04-01 05:52:00,237 [Monitor ] [DEBUG] STALE Check: [gmail_pulse] Age: 2058s
2026-04-01 05:52:45,238 [IMAP    ] [INFO] --- Starting IMAP Check Cycle ---
2026-04-01 05:52:50,335 [Monitor ] [DEBUG] STALE Check: [latvia_pulse] Age: 2103s
2026-04-01 05:52:50,335 [Monitor ] [DEBUG] STALE Check: [gmail_pulse] Age: 2108s
2026-04-01 05:53:35,335 [IMAP    ] [INFO] --- Starting IMAP Check Cycle ---
2026-04-01 05:53:39,620 [Monitor ] [DEBUG] STALE Check: [latvia_pulse] Age: 2152s
2026-04-01 05:53:39,620 [Monitor ] [DEBUG] STALE Check: [gmail_pulse] Age: 2157s
2026-04-01 05:54:24,620 [IMAP    ] [INFO] --- Starting IMAP Check Cycle ---
2026-04-01 05:54:27,794 [IMAP    ] [INFO] [gmail_pulse] Received 1 new pulse(s).
2026-04-01 05:54:27,794 [IMAP    ] [INFO] Heartbeat updated for gmail_pulse
2026-04-01 05:54:31,971 [IMAP    ] [INFO] [latvia_pulse] Received 1 new pulse(s).
2026-04-01 05:54:31,972 [IMAP    ] [INFO] Heartbeat updated for latvia_pulse
2026-04-01 05:54:32,753 [Monitor ] [INFO] STATUS OK: [latvia_pulse] active. Age: 0s
2026-04-01 05:54:32,753 [Monitor ] [INFO] STATUS OK: [gmail_pulse] active. Age: 4s
2026-04-01 05:54:32,753 [Monitor ] [INFO] RECOVERY: Account [latvia_pulse] pulse detected.
2026-04-01 05:54:32,753 [Monitor ] [INFO] RECOVERY: Account [gmail_pulse] pulse detected.
2026-04-01 05:55:17,754 [IMAP    ] [INFO] --- Starting IMAP Check Cycle ---
2026-04-01 05:55:22,135 [Monitor ] [INFO] STATUS OK: [latvia_pulse] active. Age: 50s
2026-04-01 05:55:22,135 [Monitor ] [INFO] STATUS OK: [gmail_pulse] active. Age: 54s
2026-04-01 05:56:07,135 [IMAP    ] [INFO] --- Starting IMAP Check Cycle ---
2026-04-01 05:56:11,299 [Monitor ] [INFO] STATUS OK: [latvia_pulse] active. Age: 99s
2026-04-01 05:56:11,299 [Monitor ] [INFO] STATUS OK: [gmail_pulse] active. Age: 103s
2026-04-01 05:56:56,300 [IMAP    ] [INFO] --- Starting IMAP Check Cycle ---
2026-04-01 05:57:00,636 [Monitor ] [INFO] STATUS OK: [latvia_pulse] active. Age: 148s
2026-04-01 05:57:00,636 [Monitor ] [INFO] STATUS OK: [gmail_pulse] active. Age: 152s
2026-04-01 05:57:45,636 [IMAP    ] [INFO] --- Starting IMAP Check Cycle ---
2026-04-01 05:57:50,601 [Monitor ] [INFO] STATUS OK: [latvia_pulse] active. Age: 198s
2026-04-01 05:57:50,601 [Monitor ] [INFO] STATUS OK: [gmail_pulse] active. Age: 202s
2026-04-01 05:58:35,601 [IMAP    ] [INFO] --- Starting IMAP Check Cycle ---
2026-04-01 05:58:39,722 [Monitor ] [INFO] STATUS OK: [latvia_pulse] active. Age: 247s
2026-04-01 05:58:39,723 [Monitor ] [INFO] STATUS OK: [gmail_pulse] active. Age: 251s
2026-04-01 05:59:24,723 [IMAP    ] [INFO] --- Starting IMAP Check Cycle ---
2026-04-01 05:59:28,712 [Monitor ] [INFO] STATUS OK: [latvia_pulse] active. Age: 296s
2026-04-01 05:59:28,712 [Monitor ] [INFO] STATUS OK: [gmail_pulse] active. Age: 300s
2026-04-01 06:00:13,712 [IMAP    ] [INFO] --- Starting IMAP Check Cycle ---
2026-04-01 06:00:22,965 [Monitor ] [INFO] STATUS OK: [latvia_pulse] active. Age: 350s
2026-04-01 06:00:22,965 [Monitor ] [INFO] STATUS OK: [gmail_pulse] active. Age: 355s
2026-04-01 06:01:07,966 [IMAP    ] [INFO] --- Starting IMAP Check Cycle ---
2026-04-01 06:01:12,152 [Monitor ] [INFO] STATUS OK: [latvia_pulse] active. Age: 400s
2026-04-01 06:01:12,153 [Monitor ] [INFO] STATUS OK: [gmail_pulse] active. Age: 404s
2026-04-01 06:01:57,153 [IMAP    ] [INFO] --- Starting IMAP Check Cycle ---
2026-04-01 06:02:01,138 [Monitor ] [INFO] STATUS OK: [latvia_pulse] active. Age: 449s
2026-04-01 06:02:01,138 [Monitor ] [INFO] STATUS OK: [gmail_pulse] active. Age: 453s
2026-04-01 06:02:46,138 [IMAP    ] [INFO] --- Starting IMAP Check Cycle ---
2026-04-01 06:02:50,433 [Monitor ] [INFO] STATUS OK: [latvia_pulse] active. Age: 498s
2026-04-01 06:02:50,433 [Monitor ] [INFO] STATUS OK: [gmail_pulse] active. Age: 502s
2026-04-01 06:03:35,433 [IMAP    ] [INFO] --- Starting IMAP Check Cycle ---
2026-04-01 06:03:39,437 [Monitor ] [INFO] STATUS OK: [latvia_pulse] active. Age: 547s
2026-04-01 06:03:39,437 [Monitor ] [INFO] STATUS OK: [gmail_pulse] active. Age: 551s
2026-04-01 06:04:24,438 [IMAP    ] [INFO] --- Starting IMAP Check Cycle ---
2026-04-01 06:04:28,921 [Monitor ] [INFO] STATUS OK: [latvia_pulse] active. Age: 596s
2026-04-01 06:04:28,922 [Monitor ] [DEBUG] STALE Check: [gmail_pulse] Age: 601s
2026-04-01 06:05:13,922 [IMAP    ] [INFO] --- Starting IMAP Check Cycle ---
2026-04-01 06:05:18,251 [Monitor ] [DEBUG] STALE Check: [latvia_pulse] Age: 646s
2026-04-01 06:05:18,251 [Monitor ] [DEBUG] STALE Check: [gmail_pulse] Age: 650s
2026-04-01 06:06:03,251 [IMAP    ] [INFO] --- Starting IMAP Check Cycle ---
2026-04-01 06:06:07,327 [Monitor ] [DEBUG] STALE Check: [latvia_pulse] Age: 695s
2026-04-01 06:06:07,328 [Monitor ] [DEBUG] STALE Check: [gmail_pulse] Age: 699s
2026-04-01 06:06:52,328 [IMAP    ] [INFO] --- Starting IMAP Check Cycle ---
2026-04-01 06:06:56,332 [Monitor ] [DEBUG] STALE Check: [latvia_pulse] Age: 744s
2026-04-01 06:06:56,332 [Monitor ] [DEBUG] STALE Check: [gmail_pulse] Age: 748s
2026-04-01 06:06:56,333 [Monitor ] [WARNING] Account [gmail_pulse] 3m silence reached.
2026-04-01 06:07:41,333 [IMAP    ] [INFO] --- Starting IMAP Check Cycle ---
2026-04-01 06:07:45,513 [Monitor ] [DEBUG] STALE Check: [latvia_pulse] Age: 793s
2026-04-01 06:07:45,513 [Monitor ] [DEBUG] STALE Check: [gmail_pulse] Age: 797s
2026-04-01 06:07:45,513 [Monitor ] [WARNING] Account [latvia_pulse] 3m silence reached.
2026-04-01 06:08:30,513 [IMAP    ] [INFO] --- Starting IMAP Check Cycle ---
2026-04-01 06:08:34,696 [Monitor ] [DEBUG] STALE Check: [latvia_pulse] Age: 842s
2026-04-01 06:08:34,696 [Monitor ] [DEBUG] STALE Check: [gmail_pulse] Age: 846s
2026-04-01 06:09:19,696 [IMAP    ] [INFO] --- Starting IMAP Check Cycle ---
2026-04-01 06:09:23,858 [Monitor ] [DEBUG] STALE Check: [latvia_pulse] Age: 891s
2026-04-01 06:09:23,858 [Monitor ] [DEBUG] STALE Check: [gmail_pulse] Age: 896s
2026-04-01 06:10:08,859 [IMAP    ] [INFO] --- Starting IMAP Check Cycle ---
2026-04-01 06:10:13,170 [Monitor ] [DEBUG] STALE Check: [latvia_pulse] Age: 941s
2026-04-01 06:10:13,170 [Monitor ] [DEBUG] STALE Check: [gmail_pulse] Age: 945s
2026-04-01 06:10:13,170 [Monitor ] [ERROR] Account [gmail_pulse] 6m silence reached.
2026-04-01 06:10:58,171 [IMAP    ] [INFO] --- Starting IMAP Check Cycle ---
2026-04-01 06:11:02,725 [Monitor ] [DEBUG] STALE Check: [latvia_pulse] Age: 990s
2026-04-01 06:11:02,725 [Monitor ] [DEBUG] STALE Check: [gmail_pulse] Age: 994s
2026-04-01 06:11:02,725 [Monitor ] [ERROR] Account [latvia_pulse] 6m silence reached.
2026-04-01 06:11:47,725 [IMAP    ] [INFO] --- Starting IMAP Check Cycle ---
2026-04-01 06:11:52,256 [Monitor ] [DEBUG] STALE Check: [latvia_pulse] Age: 1040s
2026-04-01 06:11:52,257 [Monitor ] [DEBUG] STALE Check: [gmail_pulse] Age: 1044s
2026-04-01 06:12:37,257 [IMAP    ] [INFO] --- Starting IMAP Check Cycle ---
2026-04-01 06:12:41,483 [Monitor ] [DEBUG] STALE Check: [latvia_pulse] Age: 1089s
2026-04-01 06:12:41,484 [Monitor ] [DEBUG] STALE Check: [gmail_pulse] Age: 1093s
2026-04-01 06:12:41,484 [Monitor ] [CRITICAL] Account [gmail_pulse] 9m silence reached.
2026-04-01 06:13:26,484 [IMAP    ] [INFO] --- Starting IMAP Check Cycle ---
2026-04-01 06:13:30,774 [Monitor ] [DEBUG] STALE Check: [latvia_pulse] Age: 1138s
2026-04-01 06:13:30,774 [Monitor ] [DEBUG] STALE Check: [gmail_pulse] Age: 1142s
2026-04-01 06:13:30,774 [Monitor ] [CRITICAL] Account [latvia_pulse] 9m silence reached.
2026-04-01 06:14:15,775 [IMAP    ] [INFO] --- Starting IMAP Check Cycle ---
2026-04-01 06:14:19,826 [Monitor ] [DEBUG] STALE Check: [latvia_pulse] Age: 1187s
2026-04-01 06:14:19,826 [Monitor ] [DEBUG] STALE Check: [gmail_pulse] Age: 1192s
2026-04-01 06:15:04,827 [IMAP    ] [INFO] --- Starting IMAP Check Cycle ---
2026-04-01 06:15:09,391 [Monitor ] [DEBUG] STALE Check: [latvia_pulse] Age: 1237s
2026-04-01 06:15:09,391 [Monitor ] [DEBUG] STALE Check: [gmail_pulse] Age: 1241s
2026-04-01 06:15:54,392 [IMAP    ] [INFO] --- Starting IMAP Check Cycle ---
2026-04-01 06:16:01,731 [Monitor ] [DEBUG] STALE Check: [latvia_pulse] Age: 1289s
2026-04-01 06:16:01,732 [Monitor ] [DEBUG] STALE Check: [gmail_pulse] Age: 1293s
2026-04-01 06:16:46,732 [IMAP    ] [INFO] --- Starting IMAP Check Cycle ---
2026-04-01 06:16:50,960 [Monitor ] [DEBUG] STALE Check: [latvia_pulse] Age: 1338s
2026-04-01 06:16:50,960 [Monitor ] [DEBUG] STALE Check: [gmail_pulse] Age: 1343s
2026-04-01 06:17:35,960 [IMAP    ] [INFO] --- Starting IMAP Check Cycle ---
2026-04-01 06:17:40,322 [Monitor ] [DEBUG] STALE Check: [latvia_pulse] Age: 1388s
2026-04-01 06:17:40,322 [Monitor ] [DEBUG] STALE Check: [gmail_pulse] Age: 1392s
2026-04-01 06:18:25,323 [IMAP    ] [INFO] --- Starting IMAP Check Cycle ---
2026-04-01 06:18:29,485 [Monitor ] [DEBUG] STALE Check: [latvia_pulse] Age: 1437s
2026-04-01 06:18:29,485 [Monitor ] [DEBUG] STALE Check: [gmail_pulse] Age: 1441s
2026-04-01 06:19:14,486 [IMAP    ] [INFO] --- Starting IMAP Check Cycle ---
2026-04-01 06:19:22,184 [Monitor ] [DEBUG] STALE Check: [latvia_pulse] Age: 1490s
2026-04-01 06:19:22,184 [Monitor ] [DEBUG] STALE Check: [gmail_pulse] Age: 1494s
